GROUP,PACKAGE,CLASS,INSTRUCTION_MISSED,INSTRUCTION_COVERED,BRANCH_MISSED,BRANCH_COVERED,LINE_MISSED,LINE_COVERED,COMPLEXITY_MISSED,COMPLEXITY_COVERED,METHOD_MISSED,METHOD_COVERED
log4j Syslog Writer 64k,com.github.loggly.log4j.helpers,SyslogUdpWriter64k,23,43,1,1,5,13,3,3,2,3
log4j Syslog Writer 64k,com.github.loggly.log4j.helpers,SyslogWriter64k,22,55,0,2,4,18,1,5,1,4
log4j Syslog Writer 64k,com.github.loggly.log4j.helpers,SyslogTcpWriter64k,167,0,10,0,42,0,14,0,9,0
log4j Syslog Writer 64k,com.github.loggly.log4j,SyslogAppender64k,1081,0,65,0,241,0,74,0,41,0
