<?xml version="1.0" encoding="UTF-8" standalone="yes"?><!DOCTYPE report PUBLIC "-//JACOCO//DTD Report 1.1//EN" "report.dtd"><report name="log4j Syslog Writer 64k"><sessioninfo id="fv-az144-387-90ff96f8" start="1640587696111" dump="1640587697148"/><package name="com/github/loggly/log4j/helpers"><class name="com/github/loggly/log4j/helpers/SyslogUdpWriter64k" sourcefilename="SyslogUdpWriter64k.java"><method name="&lt;init&gt;" desc="(Ljava/lang/String;Ljava/nio/charset/Charset;)V" line="24"><counter type="INSTRUCTION" missed="13" covered="15"/><counter type="LINE" missed="2" covered="6"/><counter type="COMPLEXITY" missed="0" covered="1"/><counter type="METHOD" missed="0" covered="1"/></method><method name="write" desc="([CII)V" line="37"><counter type="INSTRUCTION" missed="9" covered="0"/><counter type="LINE" missed="2" covered="0"/><counter type="COMPLEXITY" missed="1" covered="0"/><counter type="METHOD" missed="1" covered="0"/></method><method name="write" desc="(Ljava/lang/String;)V" line="42"><counter type="INSTRUCTION" missed="0" covered="24"/><counter type="BRANCH" missed="1" covered="1"/><counter type="LINE" missed="0" covered="5"/><counter type="COMPLEXITY" missed="1" covered="1"/><counter type="METHOD" missed="0" covered="1"/></method><method name="flush" desc="()V" line="53"><counter type="INSTRUCTION" missed="1" covered="0"/><counter type="LINE" missed="1" covered="0"/><counter type="COMPLEXITY" missed="1" covered="0"/><counter type="METHOD" missed="1" covered="0"/></method><method name="close" desc="()V" line="58"><counter type="INSTRUCTION" missed="0" covered="4"/><counter type="LINE" missed="0" covered="2"/><counter type="COMPLEXITY" missed="0" covered="1"/><counter type="METHOD" missed="0" covered="1"/></method><counter type="INSTRUCTION" missed="23" covered="43"/><counter type="BRANCH" missed="1" covered="1"/><counter type="LINE" missed="5" covered="13"/><counter type="COMPLEXITY" missed="3" covered="3"/><counter type="METHOD" missed="2" covered="3"/><counter type="CLASS" missed="0" covered="1"/></class><class name="com/github/loggly/log4j/helpers/SyslogWriter64k" sourcefilename="SyslogWriter64k.java"><method name="&lt;init&gt;" desc="(Ljava/lang/String;Ljava/nio/charset/Charset;)V" line="23"><counter type="INSTRUCTION" missed="13" covered="46"/><counter type="BRANCH" missed="0" covered="2"/><counter type="LINE" missed="2" covered="15"/><counter type="COMPLEXITY" missed="0" covered="2"/><counter type="METHOD" missed="0" covered="1"/></method><method name="getSyslogHost" desc="()Ljava/net/InetAddress;" line="45"><counter type="INSTRUCTION" missed="0" covered="3"/><counter type="LINE" missed="0" covered="1"/><counter type="COMPLEXITY" missed="0" covered="1"/><counter type="METHOD" missed="0" covered="1"/></method><method name="getSyslogPort" desc="()I" line="49"><counter type="INSTRUCTION" missed="0" covered="3"/><counter type="LINE" missed="0" covered="1"/><counter type="COMPLEXITY" missed="0" covered="1"/><counter type="METHOD" missed="0" covered="1"/></method><method name="getCharset" desc="()Ljava/nio/charset/Charset;" line="53"><counter type="INSTRUCTION" missed="0" covered="3"/><counter type="LINE" missed="0" covered="1"/><counter type="COMPLEXITY" missed="0" covered="1"/><counter type="METHOD" missed="0" covered="1"/></method><method name="write" desc="([CII)V" line="58"><counter type="INSTRUCTION" missed="9" covered="0"/><counter type="LINE" missed="2" covered="0"/><counter type="COMPLEXITY" missed="1" covered="0"/><counter type="METHOD" missed="1" covered="0"/></method><counter type="INSTRUCTION" missed="22" covered="55"/><counter type="BRANCH" missed="0" covered="2"/><counter type="LINE" missed="4" covered="18"/><counter type="COMPLEXITY" missed="1" covered="5"/><counter type="METHOD" missed="1" covered="4"/><counter type="CLASS" missed="0" covered="1"/></class><class name="com/github/loggly/log4j/helpers/SyslogTcpWriter64k" sourcefilename="SyslogTcpWriter64k.java"><method name="&lt;init&gt;" desc="(Ljava/lang/String;Ljava/nio/charset/Charset;Ljava/util/Optional;)V" line="23"><counter type="INSTRUCTION" missed="14" covered="0"/><counter type="LINE" missed="5" covered="0"/><counter type="COMPLEXITY" missed="1" covered="0"/><counter type="METHOD" missed="1" covered="0"/></method><method name="flush" desc="()V" line="37"><counter type="INSTRUCTION" missed="11" covered="0"/><counter type="BRANCH" missed="2" covered="0"/><counter type="LINE" missed="4" covered="0"/><counter type="COMPLEXITY" missed="2" covered="0"/><counter type="METHOD" missed="1" covered="0"/></method><method name="getWriter" desc="()Ljava/io/BufferedWriter;" line="47"><counter type="INSTRUCTION" missed="55" covered="0"/><counter type="BRANCH" missed="4" covered="0"/><counter type="LINE" missed="9" covered="0"/><counter type="COMPLEXITY" missed="3" covered="0"/><counter type="METHOD" missed="1" covered="0"/></method><method name="write" desc="(Ljava/lang/String;)V" line="64"><counter type="INSTRUCTION" missed="21" covered="0"/><counter type="LINE" missed="3" covered="0"/><counter type="COMPLEXITY" missed="1" covered="0"/><counter type="METHOD" missed="1" covered="0"/></method><method name="write" desc="([CII)V" line="70"><counter type="INSTRUCTION" missed="9" covered="0"/><counter type="LINE" missed="2" covered="0"/><counter type="COMPLEXITY" missed="1" covered="0"/><counter type="METHOD" missed="1" covered="0"/></method><method name="close" desc="()V" line="79"><counter type="INSTRUCTION" missed="35" covered="0"/><counter type="BRANCH" missed="4" covered="0"/><counter type="LINE" missed="11" covered="0"/><counter type="COMPLEXITY" missed="3" covered="0"/><counter type="METHOD" missed="1" covered="0"/></method><method name="closeOnIOException" desc="(Lcom/github/loggly/log4j/helpers/SyslogTcpWriter64k$IORunnable;)V" line="100"><counter type="INSTRUCTION" missed="11" covered="0"/><counter type="LINE" missed="8" covered="0"/><counter type="COMPLEXITY" missed="1" covered="0"/><counter type="METHOD" missed="1" covered="0"/></method><method name="lambda$write$1" desc="(Ljava/lang/String;)V" line="65"><counter type="INSTRUCTION" missed="6" covered="0"/><counter type="LINE" missed="1" covered="0"/><counter type="COMPLEXITY" missed="1" covered="0"/><counter type="METHOD" missed="1" covered="0"/></method><method name="lambda$flush$0" desc="(Ljava/util/Optional;)V" line="39"><counter type="INSTRUCTION" missed="5" covered="0"/><counter type="LINE" missed="1" covered="0"/><counter type="COMPLEXITY" missed="1" covered="0"/><counter type="METHOD" missed="1" covered="0"/></method><counter type="INSTRUCTION" missed="167" covered="0"/><counter type="BRANCH" missed="10" covered="0"/><counter type="LINE" missed="42" covered="0"/><counter type="COMPLEXITY" missed="14" covered="0"/><counter type="METHOD" missed="9" covered="0"/><counter type="CLASS" missed="1" covered="0"/></class><class name="com/github/loggly/log4j/helpers/SyslogTcpWriter64k$IORunnable" sourcefilename="SyslogTcpWriter64k.java"/><sourcefile name="SyslogWriter64k.java"><line nr="23" mi="0" ci="2" mb="0" cb="0"/><line nr="24" mi="0" ci="3" mb="0" cb="0"/><line nr="26" mi="0" ci="2" mb="0" cb="0"/><line nr="27" mi="0" ci="2" mb="0" cb="0"/><line nr="29" mi="0" ci="4" mb="0" cb="2"/><line nr="30" mi="0" ci="12" mb="0" cb="0"/><line nr="31" mi="0" ci="4" mb="0" cb="0"/><line nr="32" mi="0" ci="3" mb="0" cb="0"/><line nr="33" mi="0" ci="1" mb="0" cb="0"/><line nr="34" mi="0" ci="3" mb="0" cb="0"/><line nr="35" mi="0" ci="2" mb="0" cb="0"/><line nr="37" mi="1" ci="0" mb="0" cb="0"/><line nr="38" mi="12" ci="0" mb="0" cb="0"/><line nr="39" mi="0" ci="1" mb="0" cb="0"/><line nr="40" mi="0" ci="3" mb="0" cb="0"/><line nr="41" mi="0" ci="3" mb="0" cb="0"/><line nr="42" mi="0" ci="1" mb="0" cb="0"/><line nr="45" mi="0" ci="3" mb="0" cb="0"/><line nr="49" mi="0" ci="3" mb="0" cb="0"/><line nr="53" mi="0" ci="3" mb="0" cb="0"/><line nr="58" mi="8" ci="0" mb="0" cb="0"/><line nr="59" mi="1" ci="0" mb="0" cb="0"/><counter type="INSTRUCTION" missed="22" covered="55"/><counter type="BRANCH" missed="0" covered="2"/><counter type="LINE" missed="4" covered="18"/><counter type="COMPLEXITY" missed="1" covered="5"/><counter type="METHOD" missed="1" covered="4"/><counter type="CLASS" missed="0" covered="1"/></sourcefile><sourcefile name="SyslogUdpWriter64k.java"><line nr="24" mi="0" ci="4" mb="0" cb="0"/><line nr="26" mi="0" ci="2" mb="0" cb="0"/><line nr="28" mi="0" ci="4" mb="0" cb="0"/><line nr="29" mi="1" ci="0" mb="0" cb="0"/><line nr="30" mi="12" ci="0" mb="0" cb="0"/><line nr="31" mi="0" ci="1" mb="0" cb="0"/><line nr="32" mi="0" ci="3" mb="0" cb="0"/><line nr="33" mi="0" ci="1" mb="0" cb="0"/><line nr="37" mi="8" ci="0" mb="0" cb="0"/><line nr="38" mi="1" ci="0" mb="0" cb="0"/><line nr="42" mi="0" ci="5" mb="0" cb="0"/><line nr="43" mi="0" ci="11" mb="0" cb="0"/><line nr="45" mi="0" ci="3" mb="1" cb="1"/><line nr="46" mi="0" ci="4" mb="0" cb="0"/><line nr="48" mi="0" ci="1" mb="0" cb="0"/><line nr="53" mi="1" ci="0" mb="0" cb="0"/><line nr="58" mi="0" ci="3" mb="0" cb="0"/><line nr="59" mi="0" ci="1" mb="0" cb="0"/><counter type="INSTRUCTION" missed="23" covered="43"/><counter type="BRANCH" missed="1" covered="1"/><counter type="LINE" missed="5" covered="13"/><counter type="COMPLEXITY" missed="3" covered="3"/><counter type="METHOD" missed="2" covered="3"/><counter type="CLASS" missed="0" covered="1"/></sourcefile><sourcefile name="SyslogTcpWriter64k.java"><line nr="23" mi="3" ci="0" mb="0" cb="0"/><line nr="25" mi="3" ci="0" mb="0" cb="0"/><line nr="30" mi="4" ci="0" mb="0" cb="0"/><line nr="32" mi="3" ci="0" mb="0" cb="0"/><line nr="33" mi="1" ci="0" mb="0" cb="0"/><line nr="37" mi="3" ci="0" mb="0" cb="0"/><line nr="38" mi="3" ci="0" mb="2" cb="0"/><line nr="39" mi="9" ci="0" mb="0" cb="0"/><line nr="41" mi="1" ci="0" mb="0" cb="0"/><line nr="47" mi="5" ci="0" mb="0" cb="0"/><line nr="48" mi="4" ci="0" mb="2" cb="0"/><line nr="49" mi="6" ci="0" mb="2" cb="0"/><line nr="50" mi="11" ci="0" mb="0" cb="0"/><line nr="51" mi="5" ci="0" mb="0" cb="0"/><line nr="52" mi="4" ci="0" mb="0" cb="0"/><line nr="54" mi="6" ci="0" mb="0" cb="0"/><line nr="55" mi="7" ci="0" mb="0" cb="0"/><line nr="57" mi="7" ci="0" mb="0" cb="0"/><line nr="64" mi="15" ci="0" mb="0" cb="0"/><line nr="65" mi="11" ci="0" mb="0" cb="0"/><line nr="66" mi="1" ci="0" mb="0" cb="0"/><line nr="70" mi="8" ci="0" mb="0" cb="0"/><line nr="71" mi="1" ci="0" mb="0" cb="0"/><line nr="79" mi="5" ci="0" mb="0" cb="0"/><line nr="80" mi="3" ci="0" mb="0" cb="0"/><line nr="81" mi="3" ci="0" mb="0" cb="0"/><line nr="83" mi="3" ci="0" mb="0" cb="0"/><line nr="84" mi="3" ci="0" mb="0" cb="0"/><line nr="85" mi="3" ci="0" mb="0" cb="0"/><line nr="88" mi="3" ci="0" mb="2" cb="0"/><line nr="89" mi="4" ci="0" mb="0" cb="0"/><line nr="92" mi="3" ci="0" mb="2" cb="0"/><line nr="93" mi="4" ci="0" mb="0" cb="0"/><line nr="96" mi="1" ci="0" mb="0" cb="0"/><line nr="100" mi="2" ci="0" mb="0" cb="0"/><line nr="101" mi="1" ci="0" mb="0" cb="0"/><line nr="103" mi="2" ci="0" mb="0" cb="0"/><line nr="104" mi="1" ci="0" mb="0" cb="0"/><line nr="106" mi="1" ci="0" mb="0" cb="0"/><line nr="107" mi="2" ci="0" mb="0" cb="0"/><line nr="108" mi="1" ci="0" mb="0" cb="0"/><line nr="109" mi="1" ci="0" mb="0" cb="0"/><counter type="INSTRUCTION" missed="167" covered="0"/><counter type="BRANCH" missed="10" covered="0"/><counter type="LINE" missed="42" covered="0"/><counter type="COMPLEXITY" missed="14" covered="0"/><counter type="METHOD" missed="9" covered="0"/><counter type="CLASS" missed="1" covered="0"/></sourcefile><counter type="INSTRUCTION" missed="212" covered="98"/><counter type="BRANCH" missed="11" covered="3"/><counter type="LINE" missed="51" covered="31"/><counter type="COMPLEXITY" missed="18" covered="8"/><counter type="METHOD" missed="12" covered="7"/><counter type="CLASS" missed="1" covered="2"/></package><package name="com/github/loggly/log4j"><class name="com/github/loggly/log4j/SyslogAppender64k" sourcefilename="SyslogAppender64k.java"><method name="getFacilityString" desc="(I)Ljava/lang/String;" line="178"><counter type="INSTRUCTION" missed="6" covered="0"/><counter type="LINE" missed="1" covered="0"/><counter type="COMPLEXITY" missed="1" covered="0"/><counter type="METHOD" missed="1" covered="0"/></method><method name="getFacility" desc="(Ljava/lang/String;)I" line="194"><counter type="INSTRUCTION" missed="16" covered="0"/><counter type="LINE" missed="1" covered="0"/><counter type="COMPLEXITY" missed="1" covered="0"/><counter type="METHOD" missed="1" covered="0"/></method><method name="&lt;init&gt;" desc="()V" line="197"><counter type="INSTRUCTION" missed="43" covered="0"/><counter type="LINE" missed="15" covered="0"/><counter type="COMPLEXITY" missed="1" covered="0"/><counter type="METHOD" missed="1" covered="0"/></method><method name="&lt;init&gt;" desc="(Lorg/apache/log4j/Layout;I)V" line="197"><counter type="INSTRUCTION" missed="49" covered="0"/><counter type="LINE" missed="17" covered="0"/><counter type="COMPLEXITY" missed="1" covered="0"/><counter type="METHOD" missed="1" covered="0"/></method><method name="&lt;init&gt;" desc="(Lorg/apache/log4j/Layout;Ljava/lang/String;I)V" line="253"><counter type="INSTRUCTION" missed="8" covered="0"/><counter type="LINE" missed="3" covered="0"/><counter type="COMPLEXITY" missed="1" covered="0"/><counter type="METHOD" missed="1" covered="0"/></method><method name="close" desc="()V" line="264"><counter type="INSTRUCTION" missed="17" covered="0"/><counter type="LINE" missed="5" covered="0"/><counter type="COMPLEXITY" missed="1" covered="0"/><counter type="METHOD" missed="1" covered="0"/></method><method name="initSyslogFacilityStr" desc="()V" line="284"><counter type="INSTRUCTION" missed="39" covered="0"/><counter type="BRANCH" missed="2" covered="0"/><counter type="LINE" missed="7" covered="0"/><counter type="COMPLEXITY" missed="2" covered="0"/><counter type="METHOD" missed="1" covered="0"/></method><method name="append" desc="(Lorg/apache/log4j/spi/LoggingEvent;)V" line="299"><counter type="INSTRUCTION" missed="103" covered="0"/><counter type="BRANCH" missed="16" covered="0"/><counter type="LINE" missed="21" covered="0"/><counter type="COMPLEXITY" missed="9" covered="0"/><counter type="METHOD" missed="1" covered="0"/></method><method name="activateOptions" desc="()V" line="337"><counter type="INSTRUCTION" missed="30" covered="0"/><counter type="BRANCH" missed="6" covered="0"/><counter type="LINE" missed="8" covered="0"/><counter type="COMPLEXITY" missed="4" covered="0"/><counter type="METHOD" missed="1" covered="0"/></method><method name="requiresLayout" desc="()Z" line="357"><counter type="INSTRUCTION" missed="2" covered="0"/><counter type="LINE" missed="1" covered="0"/><counter type="COMPLEXITY" missed="1" covered="0"/><counter type="METHOD" missed="1" covered="0"/></method><method name="createPacket" desc="(Ljava/lang/String;Ljava/lang/String;)Ljava/lang/String;" line="361"><counter type="INSTRUCTION" missed="28" covered="0"/><counter type="BRANCH" missed="6" covered="0"/><counter type="LINE" missed="7" covered="0"/><counter type="COMPLEXITY" missed="4" covered="0"/><counter type="METHOD" missed="1" covered="0"/></method><method name="createSyslogWriter" desc="()V" line="375"><counter type="INSTRUCTION" missed="65" covered="0"/><counter type="BRANCH" missed="3" covered="0"/><counter type="LINE" missed="9" covered="0"/><counter type="COMPLEXITY" missed="3" covered="0"/><counter type="METHOD" missed="1" covered="0"/></method><method name="getSyslogHost" desc="()Ljava/lang/String;" line="406"><counter type="INSTRUCTION" missed="3" covered="0"/><counter type="LINE" missed="1" covered="0"/><counter type="COMPLEXITY" missed="1" covered="0"/><counter type="METHOD" missed="1" covered="0"/></method><method name="setSyslogHost" desc="(Ljava/lang/String;)V" line="419"><counter type="INSTRUCTION" missed="6" covered="0"/><counter type="LINE" missed="3" covered="0"/><counter type="COMPLEXITY" missed="1" covered="0"/><counter type="METHOD" missed="1" covered="0"/></method><method name="getProtocol" desc="()Ljava/lang/String;" line="424"><counter type="INSTRUCTION" missed="3" covered="0"/><counter type="LINE" missed="1" covered="0"/><counter type="COMPLEXITY" missed="1" covered="0"/><counter type="METHOD" missed="1" covered="0"/></method><method name="setProtocol" desc="(Ljava/lang/String;)V" line="428"><counter type="INSTRUCTION" missed="34" covered="0"/><counter type="BRANCH" missed="4" covered="0"/><counter type="LINE" missed="7" covered="0"/><counter type="COMPLEXITY" missed="3" covered="0"/><counter type="METHOD" missed="1" covered="0"/></method><method name="getCharset" desc="()Ljava/nio/charset/Charset;" line="441"><counter type="INSTRUCTION" missed="3" covered="0"/><counter type="LINE" missed="1" covered="0"/><counter type="COMPLEXITY" missed="1" covered="0"/><counter type="METHOD" missed="1" covered="0"/></method><method name="setCharset" desc="(Ljava/nio/charset/Charset;)V" line="445"><counter type="INSTRUCTION" missed="4" covered="0"/><counter type="LINE" missed="2" covered="0"/><counter type="COMPLEXITY" missed="1" covered="0"/><counter type="METHOD" missed="1" covered="0"/></method><method name="setFacility" desc="(Ljava/lang/String;)V" line="462"><counter type="INSTRUCTION" missed="33" covered="0"/><counter type="BRANCH" missed="4" covered="0"/><counter type="LINE" missed="9" covered="0"/><counter type="COMPLEXITY" missed="3" covered="0"/><counter type="METHOD" missed="1" covered="0"/></method><method name="getFacility" desc="()Ljava/lang/String;" line="486"><counter type="INSTRUCTION" missed="4" covered="0"/><counter type="LINE" missed="1" covered="0"/><counter type="COMPLEXITY" missed="1" covered="0"/><counter type="METHOD" missed="1" covered="0"/></method><method name="setFacilityPrinting" desc="(Z)V" line="498"><counter type="INSTRUCTION" missed="4" covered="0"/><counter type="LINE" missed="2" covered="0"/><counter type="COMPLEXITY" missed="1" covered="0"/><counter type="METHOD" missed="1" covered="0"/></method><method name="getFacilityPrinting" desc="()Z" line="509"><counter type="INSTRUCTION" missed="3" covered="0"/><counter type="LINE" missed="1" covered="0"/><counter type="COMPLEXITY" missed="1" covered="0"/><counter type="METHOD" missed="1" covered="0"/></method><method name="getHeader" desc="()Z" line="524"><counter type="INSTRUCTION" missed="3" covered="0"/><counter type="LINE" missed="1" covered="0"/><counter type="COMPLEXITY" missed="1" covered="0"/><counter type="METHOD" missed="1" covered="0"/></method><method name="setHeader" desc="(Z)V" line="536"><counter type="INSTRUCTION" missed="4" covered="0"/><counter type="LINE" missed="2" covered="0"/><counter type="COMPLEXITY" missed="1" covered="0"/><counter type="METHOD" missed="1" covered="0"/></method><method name="getMaxMessageLength" desc="()I" line="545"><counter type="INSTRUCTION" missed="3" covered="0"/><counter type="LINE" missed="1" covered="0"/><counter type="COMPLEXITY" missed="1" covered="0"/><counter type="METHOD" missed="1" covered="0"/></method><method name="setMaxMessageLength" desc="(I)V" line="555"><counter type="INSTRUCTION" missed="27" covered="0"/><counter type="BRANCH" missed="4" covered="0"/><counter type="LINE" missed="5" covered="0"/><counter type="COMPLEXITY" missed="3" covered="0"/><counter type="METHOD" missed="1" covered="0"/></method><method name="getTcpSocketFactory" desc="()Ljava/util/Optional;" line="565"><counter type="INSTRUCTION" missed="3" covered="0"/><counter type="LINE" missed="1" covered="0"/><counter type="COMPLEXITY" missed="1" covered="0"/><counter type="METHOD" missed="1" covered="0"/></method><method name="setTcpSocketFactory" desc="(Ljavax/net/SocketFactory;)V" line="569"><counter type="INSTRUCTION" missed="5" covered="0"/><counter type="LINE" missed="2" covered="0"/><counter type="COMPLEXITY" missed="1" covered="0"/><counter type="METHOD" missed="1" covered="0"/></method><method name="getLocalHostname" desc="()Ljava/lang/String;" line="581"><counter type="INSTRUCTION" missed="15" covered="0"/><counter type="BRANCH" missed="2" covered="0"/><counter type="LINE" missed="6" covered="0"/><counter type="COMPLEXITY" missed="2" covered="0"/><counter type="METHOD" missed="1" covered="0"/></method><method name="getPacketHeader" desc="(J)Ljava/lang/String;" line="601"><counter type="INSTRUCTION" missed="38" covered="0"/><counter type="BRANCH" missed="4" covered="0"/><counter type="LINE" missed="8" covered="0"/><counter type="COMPLEXITY" missed="3" covered="0"/><counter type="METHOD" missed="1" covered="0"/></method><method name="sendLayoutMessage" desc="(Ljava/lang/String;)V" line="621"><counter type="INSTRUCTION" missed="7" covered="0"/><counter type="LINE" missed="2" covered="0"/><counter type="COMPLEXITY" missed="1" covered="0"/><counter type="METHOD" missed="1" covered="0"/></method><method name="sendPackets" desc="(Ljava/lang/String;Ljava/lang/String;)V" line="630"><counter type="INSTRUCTION" missed="57" covered="0"/><counter type="BRANCH" missed="2" covered="0"/><counter type="LINE" missed="7" covered="0"/><counter type="COMPLEXITY" missed="2" covered="0"/><counter type="METHOD" missed="1" covered="0"/></method><method name="sendThrowable" desc="(Ljava/lang/String;Lorg/apache/log4j/spi/LoggingEvent;)V" line="645"><counter type="INSTRUCTION" missed="57" covered="0"/><counter type="BRANCH" missed="6" covered="0"/><counter type="LINE" missed="7" covered="0"/><counter type="COMPLEXITY" missed="4" covered="0"/><counter type="METHOD" missed="1" covered="0"/></method><method name="toString" desc="()Ljava/lang/String;" line="660"><counter type="INSTRUCTION" missed="56" covered="0"/><counter type="LINE" missed="22" covered="0"/><counter type="COMPLEXITY" missed="1" covered="0"/><counter type="METHOD" missed="1" covered="0"/></method><method name="lambda$sendLayoutMessage$5" desc="(Ljava/lang/String;Lorg/apache/log4j/helpers/SyslogQuietWriter;)V" line="622"><counter type="INSTRUCTION" missed="17" covered="0"/><counter type="LINE" missed="4" covered="0"/><counter type="COMPLEXITY" missed="1" covered="0"/><counter type="METHOD" missed="1" covered="0"/></method><method name="lambda$setFacility$4" desc="(Lorg/apache/log4j/helpers/SyslogQuietWriter;)V" line="475"><counter type="INSTRUCTION" missed="5" covered="0"/><counter type="LINE" missed="1" covered="0"/><counter type="COMPLEXITY" missed="1" covered="0"/><counter type="METHOD" missed="1" covered="0"/></method><method name="lambda$createSyslogWriter$3" desc="(Lorg/apache/log4j/helpers/SyslogQuietWriter;)V" line="377"><counter type="INSTRUCTION" missed="5" covered="0"/><counter type="LINE" missed="4" covered="0"/><counter type="COMPLEXITY" missed="1" covered="0"/><counter type="METHOD" missed="1" covered="0"/></method><method name="lambda$close$2" desc="(Lorg/apache/log4j/helpers/SyslogQuietWriter;)V" line="268"><counter type="INSTRUCTION" missed="24" covered="0"/><counter type="BRANCH" missed="6" covered="0"/><counter type="LINE" missed="6" covered="0"/><counter type="COMPLEXITY" missed="4" covered="0"/><counter type="METHOD" missed="1" covered="0"/></method><method name="lambda$static$1" desc="()Ljava/util/TreeMap;" line="167"><counter type="INSTRUCTION" missed="5" covered="0"/><counter type="LINE" missed="1" covered="0"/><counter type="COMPLEXITY" missed="1" covered="0"/><counter type="METHOD" missed="1" covered="0"/></method><method name="lambda$static$0" desc="()Ljava/text/SimpleDateFormat;" line="131"><counter type="INSTRUCTION" missed="6" covered="0"/><counter type="LINE" missed="1" covered="0"/><counter type="COMPLEXITY" missed="1" covered="0"/><counter type="METHOD" missed="1" covered="0"/></method><method name="&lt;clinit&gt;" desc="()V" line="44"><counter type="INSTRUCTION" missed="241" covered="0"/><counter type="LINE" missed="51" covered="0"/><counter type="COMPLEXITY" missed="1" covered="0"/><counter type="METHOD" missed="1" covered="0"/></method><counter type="INSTRUCTION" missed="1081" covered="0"/><counter type="BRANCH" missed="65" covered="0"/><counter type="LINE" missed="241" covered="0"/><counter type="COMPLEXITY" missed="74" covered="0"/><counter type="METHOD" missed="41" covered="0"/><counter type="CLASS" missed="1" covered="0"/></class><sourcefile name="SyslogAppender64k.java"><line nr="44" mi="6" ci="0" mb="0" cb="0"/><line nr="47" mi="6" ci="0" mb="0" cb="0"/><line nr="50" mi="6" ci="0" mb="0" cb="0"/><line nr="53" mi="6" ci="0" mb="0" cb="0"/><line nr="56" mi="6" ci="0" mb="0" cb="0"/><line nr="59" mi="6" ci="0" mb="0" cb="0"/><line nr="62" mi="6" ci="0" mb="0" cb="0"/><line nr="65" mi="6" ci="0" mb="0" cb="0"/><line nr="68" mi="6" ci="0" mb="0" cb="0"/><line nr="71" mi="6" ci="0" mb="0" cb="0"/><line nr="74" mi="6" ci="0" mb="0" cb="0"/><line nr="77" mi="6" ci="0" mb="0" cb="0"/><line nr="81" mi="6" ci="0" mb="0" cb="0"/><line nr="84" mi="6" ci="0" mb="0" cb="0"/><line nr="87" mi="6" ci="0" mb="0" cb="0"/><line nr="90" mi="6" ci="0" mb="0" cb="0"/><line nr="93" mi="6" ci="0" mb="0" cb="0"/><line nr="96" mi="6" ci="0" mb="0" cb="0"/><line nr="99" mi="6" ci="0" mb="0" cb="0"/><line nr="102" mi="6" ci="0" mb="0" cb="0"/><line nr="104" mi="6" ci="0" mb="0" cb="0"/><line nr="106" mi="6" ci="0" mb="0" cb="0"/><line nr="113" mi="6" ci="0" mb="0" cb="0"/><line nr="115" mi="6" ci="0" mb="0" cb="0"/><line nr="130" mi="1" ci="0" mb="0" cb="0"/><line nr="131" mi="8" ci="0" mb="0" cb="0"/><line nr="136" mi="2" ci="0" mb="0" cb="0"/><line nr="137" mi="4" ci="0" mb="0" cb="0"/><line nr="138" mi="4" ci="0" mb="0" cb="0"/><line nr="139" mi="4" ci="0" mb="0" cb="0"/><line nr="140" mi="4" ci="0" mb="0" cb="0"/><line nr="141" mi="4" ci="0" mb="0" cb="0"/><line nr="142" mi="4" ci="0" mb="0" cb="0"/><line nr="143" mi="4" ci="0" mb="0" cb="0"/><line nr="144" mi="4" ci="0" mb="0" cb="0"/><line nr="145" mi="4" ci="0" mb="0" cb="0"/><line nr="146" mi="4" ci="0" mb="0" cb="0"/><line nr="147" mi="4" ci="0" mb="0" cb="0"/><line nr="148" mi="4" ci="0" mb="0" cb="0"/><line nr="149" mi="4" ci="0" mb="0" cb="0"/><line nr="150" mi="4" ci="0" mb="0" cb="0"/><line nr="151" mi="4" ci="0" mb="0" cb="0"/><line nr="152" mi="4" ci="0" mb="0" cb="0"/><line nr="153" mi="4" ci="0" mb="0" cb="0"/><line nr="154" mi="4" ci="0" mb="0" cb="0"/><line nr="155" mi="4" ci="0" mb="0" cb="0"/><line nr="156" mi="3" ci="0" mb="0" cb="0"/><line nr="157" mi="2" ci="0" mb="0" cb="0"/><line nr="163" mi="3" ci="0" mb="0" cb="0"/><line nr="164" mi="4" ci="0" mb="0" cb="0"/><line nr="165" mi="4" ci="0" mb="0" cb="0"/><line nr="167" mi="5" ci="0" mb="0" cb="0"/><line nr="178" mi="6" ci="0" mb="0" cb="0"/><line nr="194" mi="16" ci="0" mb="0" cb="0"/><line nr="197" mi="10" ci="0" mb="0" cb="0"/><line nr="199" mi="6" ci="0" mb="0" cb="0"/><line nr="202" mi="6" ci="0" mb="0" cb="0"/><line nr="204" mi="6" ci="0" mb="0" cb="0"/><line nr="206" mi="6" ci="0" mb="0" cb="0"/><line nr="208" mi="6" ci="0" mb="0" cb="0"/><line nr="210" mi="6" ci="0" mb="0" cb="0"/><line nr="212" mi="6" ci="0" mb="0" cb="0"/><line nr="214" mi="6" ci="0" mb="0" cb="0"/><line nr="219" mi="6" ci="0" mb="0" cb="0"/><line nr="227" mi="6" ci="0" mb="0" cb="0"/><line nr="239" mi="6" ci="0" mb="0" cb="0"/><line nr="241" mi="2" ci="0" mb="0" cb="0"/><line nr="242" mi="2" ci="0" mb="0" cb="0"/><line nr="243" mi="1" ci="0" mb="0" cb="0"/><line nr="246" mi="2" ci="0" mb="0" cb="0"/><line nr="247" mi="3" ci="0" mb="0" cb="0"/><line nr="248" mi="3" ci="0" mb="0" cb="0"/><line nr="249" mi="2" ci="0" mb="0" cb="0"/><line nr="250" mi="1" ci="0" mb="0" cb="0"/><line nr="253" mi="4" ci="0" mb="0" cb="0"/><line nr="254" mi="3" ci="0" mb="0" cb="0"/><line nr="255" mi="1" ci="0" mb="0" cb="0"/><line nr="264" mi="3" ci="0" mb="0" cb="0"/><line nr="266" mi="5" ci="0" mb="0" cb="0"/><line nr="267" mi="5" ci="0" mb="0" cb="0"/><line nr="268" mi="4" ci="0" mb="0" cb="0"/><line nr="269" mi="10" ci="0" mb="6" cb="0"/><line nr="270" mi="5" ci="0" mb="0" cb="0"/><line nr="272" mi="1" ci="0" mb="0" cb="0"/><line nr="275" mi="3" ci="0" mb="0" cb="0"/><line nr="277" mi="1" ci="0" mb="0" cb="0"/><line nr="278" mi="3" ci="0" mb="0" cb="0"/><line nr="279" mi="1" ci="0" mb="0" cb="0"/><line nr="284" mi="5" ci="0" mb="0" cb="0"/><line nr="286" mi="3" ci="0" mb="2" cb="0"/><line nr="287" mi="12" ci="0" mb="0" cb="0"/><line nr="288" mi="3" ci="0" mb="0" cb="0"/><line nr="289" mi="4" ci="0" mb="0" cb="0"/><line nr="291" mi="11" ci="0" mb="0" cb="0"/><line nr="293" mi="1" ci="0" mb="0" cb="0"/><line nr="299" mi="5" ci="0" mb="2" cb="0"/><line nr="300" mi="1" ci="0" mb="0" cb="0"/><line nr="303" mi="5" ci="0" mb="0" cb="0"/><line nr="304" mi="4" ci="0" mb="2" cb="0"/><line nr="305" mi="14" ci="0" mb="0" cb="0"/><line nr="306" mi="3" ci="0" mb="0" cb="0"/><line nr="308" mi="5" ci="0" mb="0" cb="0"/><line nr="310" mi="3" ci="0" mb="2" cb="0"/><line nr="311" mi="7" ci="0" mb="4" cb="0"/><line nr="312" mi="5" ci="0" mb="0" cb="0"/><line nr="314" mi="3" ci="0" mb="0" cb="0"/><line nr="317" mi="5" ci="0" mb="0" cb="0"/><line nr="318" mi="12" ci="0" mb="2" cb="0"/><line nr="319" mi="5" ci="0" mb="0" cb="0"/><line nr="321" mi="5" ci="0" mb="0" cb="0"/><line nr="322" mi="4" ci="0" mb="0" cb="0"/><line nr="324" mi="7" ci="0" mb="4" cb="0"/><line nr="325" mi="4" ci="0" mb="0" cb="0"/><line nr="328" mi="2" ci="0" mb="0" cb="0"/><line nr="329" mi="3" ci="0" mb="0" cb="0"/><line nr="330" mi="1" ci="0" mb="0" cb="0"/><line nr="337" mi="3" ci="0" mb="2" cb="0"/><line nr="339" mi="3" ci="0" mb="0" cb="0"/><line nr="341" mi="7" ci="0" mb="4" cb="0"/><line nr="342" mi="5" ci="0" mb="0" cb="0"/><line nr="343" mi="5" ci="0" mb="0" cb="0"/><line nr="344" mi="3" ci="0" mb="0" cb="0"/><line nr="346" mi="3" ci="0" mb="0" cb="0"/><line nr="347" mi="1" ci="0" mb="0" cb="0"/><line nr="357" mi="2" ci="0" mb="0" cb="0"/><line nr="361" mi="6" ci="0" mb="4" cb="0"/><line nr="362" mi="2" ci="0" mb="0" cb="0"/><line nr="365" mi="5" ci="0" mb="0" cb="0"/><line nr="366" mi="3" ci="0" mb="2" cb="0"/><line nr="367" mi="5" ci="0" mb="0" cb="0"/><line nr="369" mi="4" ci="0" mb="0" cb="0"/><line nr="370" mi="3" ci="0" mb="0" cb="0"/><line nr="375" mi="4" ci="0" mb="0" cb="0"/><line nr="377" mi="2" ci="0" mb="0" cb="0"/><line nr="378" mi="1" ci="0" mb="0" cb="0"/><line nr="380" mi="1" ci="0" mb="0" cb="0"/><line nr="381" mi="1" ci="0" mb="0" cb="0"/><line nr="383" mi="9" ci="0" mb="3" cb="0"/><line nr="385" mi="17" ci="0" mb="0" cb="0"/><line nr="387" mi="1" ci="0" mb="0" cb="0"/><line nr="389" mi="17" ci="0" mb="0" cb="0"/><line nr="390" mi="2" ci="0" mb="0" cb="0"/><line nr="393" mi="1" ci="0" mb="0" cb="0"/><line nr="395" mi="13" ci="0" mb="0" cb="0"/><line nr="397" mi="1" ci="0" mb="0" cb="0"/><line nr="406" mi="3" ci="0" mb="0" cb="0"/><line nr="419" mi="3" ci="0" mb="0" cb="0"/><line nr="420" mi="2" ci="0" mb="0" cb="0"/><line nr="421" mi="1" ci="0" mb="0" cb="0"/><line nr="424" mi="3" ci="0" mb="0" cb="0"/><line nr="428" mi="7" ci="0" mb="2" cb="0"/><line nr="429" mi="8" ci="0" mb="2" cb="0"/><line nr="432" mi="3" ci="0" mb="0" cb="0"/><line nr="433" mi="1" ci="0" mb="0" cb="0"/><line nr="435" mi="12" ci="0" mb="0" cb="0"/><line nr="437" mi="2" ci="0" mb="0" cb="0"/><line nr="438" mi="1" ci="0" mb="0" cb="0"/><line nr="441" mi="3" ci="0" mb="0" cb="0"/><line nr="445" mi="3" ci="0" mb="0" cb="0"/><line nr="446" mi="1" ci="0" mb="0" cb="0"/><line nr="462" mi="2" ci="0" mb="2" cb="0"/><line nr="463" mi="1" ci="0" mb="0" cb="0"/><line nr="466" mi="4" ci="0" mb="0" cb="0"/><line nr="467" mi="4" ci="0" mb="2" cb="0"/><line nr="468" mi="11" ci="0" mb="0" cb="0"/><line nr="469" mi="3" ci="0" mb="0" cb="0"/><line nr="472" mi="2" ci="0" mb="0" cb="0"/><line nr="475" mi="10" ci="0" mb="0" cb="0"/><line nr="476" mi="1" ci="0" mb="0" cb="0"/><line nr="486" mi="4" ci="0" mb="0" cb="0"/><line nr="498" mi="3" ci="0" mb="0" cb="0"/><line nr="499" mi="1" ci="0" mb="0" cb="0"/><line nr="509" mi="3" ci="0" mb="0" cb="0"/><line nr="524" mi="3" ci="0" mb="0" cb="0"/><line nr="536" mi="3" ci="0" mb="0" cb="0"/><line nr="537" mi="1" ci="0" mb="0" cb="0"/><line nr="545" mi="3" ci="0" mb="0" cb="0"/><line nr="555" mi="6" ci="0" mb="4" cb="0"/><line nr="556" mi="4" ci="0" mb="0" cb="0"/><line nr="558" mi="3" ci="0" mb="0" cb="0"/><line nr="559" mi="13" ci="0" mb="0" cb="0"/><line nr="562" mi="1" ci="0" mb="0" cb="0"/><line nr="565" mi="3" ci="0" mb="0" cb="0"/><line nr="569" mi="4" ci="0" mb="0" cb="0"/><line nr="570" mi="1" ci="0" mb="0" cb="0"/><line nr="581" mi="3" ci="0" mb="2" cb="0"/><line nr="583" mi="4" ci="0" mb="0" cb="0"/><line nr="584" mi="1" ci="0" mb="0" cb="0"/><line nr="585" mi="3" ci="0" mb="0" cb="0"/><line nr="586" mi="1" ci="0" mb="0" cb="0"/><line nr="588" mi="3" ci="0" mb="0" cb="0"/><line nr="601" mi="3" ci="0" mb="2" cb="0"/><line nr="602" mi="2" ci="0" mb="0" cb="0"/><line nr="605" mi="12" ci="0" mb="0" cb="0"/><line nr="607" mi="5" ci="0" mb="2" cb="0"/><line nr="608" mi="4" ci="0" mb="0" cb="0"/><line nr="610" mi="5" ci="0" mb="0" cb="0"/><line nr="611" mi="4" ci="0" mb="0" cb="0"/><line nr="612" mi="3" ci="0" mb="0" cb="0"/><line nr="621" mi="6" ci="0" mb="0" cb="0"/><line nr="622" mi="10" ci="0" mb="0" cb="0"/><line nr="623" mi="3" ci="0" mb="0" cb="0"/><line nr="624" mi="3" ci="0" mb="0" cb="0"/><line nr="625" mi="1" ci="0" mb="0" cb="0"/><line nr="626" mi="1" ci="0" mb="0" cb="0"/><line nr="630" mi="6" ci="0" mb="0" cb="0"/><line nr="634" mi="4" ci="0" mb="2" cb="0"/><line nr="635" mi="7" ci="0" mb="0" cb="0"/><line nr="637" mi="10" ci="0" mb="0" cb="0"/><line nr="638" mi="14" ci="0" mb="0" cb="0"/><line nr="639" mi="15" ci="0" mb="0" cb="0"/><line nr="641" mi="1" ci="0" mb="0" cb="0"/><line nr="645" mi="3" ci="0" mb="0" cb="0"/><line nr="646" mi="2" ci="0" mb="2" cb="0"/><line nr="647" mi="16" ci="0" mb="2" cb="0"/><line nr="648" mi="4" ci="0" mb="2" cb="0"/><line nr="649" mi="18" ci="0" mb="0" cb="0"/><line nr="651" mi="13" ci="0" mb="0" cb="0"/><line nr="655" mi="1" ci="0" mb="0" cb="0"/><line nr="660" mi="7" ci="0" mb="0" cb="0"/><line nr="661" mi="2" ci="0" mb="0" cb="0"/><line nr="662" mi="3" ci="0" mb="0" cb="0"/><line nr="663" mi="2" ci="0" mb="0" cb="0"/><line nr="664" mi="3" ci="0" mb="0" cb="0"/><line nr="665" mi="2" ci="0" mb="0" cb="0"/><line nr="666" mi="3" ci="0" mb="0" cb="0"/><line nr="667" mi="2" ci="0" mb="0" cb="0"/><line nr="668" mi="3" ci="0" mb="0" cb="0"/><line nr="669" mi="2" ci="0" mb="0" cb="0"/><line nr="670" mi="3" ci="0" mb="0" cb="0"/><line nr="671" mi="2" ci="0" mb="0" cb="0"/><line nr="672" mi="3" ci="0" mb="0" cb="0"/><line nr="673" mi="2" ci="0" mb="0" cb="0"/><line nr="674" mi="3" ci="0" mb="0" cb="0"/><line nr="675" mi="2" ci="0" mb="0" cb="0"/><line nr="676" mi="3" ci="0" mb="0" cb="0"/><line nr="677" mi="2" ci="0" mb="0" cb="0"/><line nr="678" mi="3" ci="0" mb="0" cb="0"/><line nr="679" mi="2" ci="0" mb="0" cb="0"/><line nr="680" mi="1" ci="0" mb="0" cb="0"/><line nr="681" mi="1" ci="0" mb="0" cb="0"/><counter type="INSTRUCTION" missed="1081" covered="0"/><counter type="BRANCH" missed="65" covered="0"/><counter type="LINE" missed="241" covered="0"/><counter type="COMPLEXITY" missed="74" covered="0"/><counter type="METHOD" missed="41" covered="0"/><counter type="CLASS" missed="1" covered="0"/></sourcefile><counter type="INSTRUCTION" missed="1081" covered="0"/><counter type="BRANCH" missed="65" covered="0"/><counter type="LINE" missed="241" covered="0"/><counter type="COMPLEXITY" missed="74" covered="0"/><counter type="METHOD" missed="41" covered="0"/><counter type="CLASS" missed="1" covered="0"/></package><counter type="INSTRUCTION" missed="1293" covered="98"/><counter type="BRANCH" missed="76" covered="3"/><counter type="LINE" missed="292" covered="31"/><counter type="COMPLEXITY" missed="92" covered="8"/><counter type="METHOD" missed="53" covered="7"/><counter type="CLASS" missed="2" covered="2"/></report>